<?xml version="1.0" encoding="UTF-8"?>
<!-- Generated by org.testng.reporters.JUnitXMLReporter -->
<testsuite hostname="LAPTOP-DKIBSMU3" failures="0" tests="19" name="Surefire test" time="0.132" errors="0" timestamp="1 Apr 2021 23:16:23 GMT">
  <testcase classname="se.nackademin.examination.examination_jacoco.ConversorTest" name="testGenderConversor on testGenderConversor(se.nackademin.examination.examination_jacoco.ConversorTest)" time="0.031"/>
  <testcase classname="se.nackademin.examination.examination_jacoco.ConversorTest" name="testAgeConversor on testAgeConversor(se.nackademin.examination.examination_jacoco.ConversorTest)" time="0.0"/>
  <testcase classname="se.nackademin.examination.examination_jacoco.ConversorTest" name="testNameConversor on testNameConversor(se.nackademin.examination.examination_jacoco.ConversorTest)" time="0.0"/>
  <testcase classname="se.nackademin.examination.examination_jacoco.ConversorTest" name="testCityConversor on testCityConversor(se.nackademin.examination.examination_jacoco.ConversorTest)" time="0.0"/>
  <testcase classname="se.nackademin.examination.examination_jacoco.ResultsFromInputsTest" name="testAgeGettersAndSettersMethods on testAgeGettersAndSettersMethods(se.nackademin.examination.examination_jacoco.ResultsFromInputsTest)" time="0.0"/>
  <testcase classname="se.nackademin.examination.examination_jacoco.MainTest" name="testMainMethod on testMainMethod(se.nackademin.examination.examination_jacoco.MainTest)" time="0.0"/>
  <testcase classname="se.nackademin.examination.examination_jacoco.DataAnalysisTest" name="test1 on test1(se.nackademin.examination.examination_jacoco.DataAnalysisTest)" time="0.0"/>
  <testcase classname="se.nackademin.examination.examination_jacoco.DataAnalysisTest" name="test2 on test2(se.nackademin.examination.examination_jacoco.DataAnalysisTest)" time="0.0"/>
  <testcase classname="se.nackademin.examination.examination_jacoco.DataAnalysisTest" name="test3 on test3(se.nackademin.examination.examination_jacoco.DataAnalysisTest)" time="0.0"/>
  <testcase classname="se.nackademin.examination.examination_jacoco.DataAnalysisTest" name="test4 on test4(se.nackademin.examination.examination_jacoco.DataAnalysisTest)" time="0.0"/>
  <testcase classname="se.nackademin.examination.examination_jacoco.GameTest" name="testMethod1 on testMethod1(se.nackademin.examination.examination_jacoco.GameTest)" time="0.0"/>
  <testcase classname="se.nackademin.examination.examination_jacoco.GameTest" name="testMethod2 on testMethod2(se.nackademin.examination.examination_jacoco.GameTest)" time="0.0"/>
  <testcase classname="se.nackademin.examination.examination_jacoco.GameTest" name="testMethod3 on testMethod3(se.nackademin.examination.examination_jacoco.GameTest)" time="0.0"/>
  <testcase classname="se.nackademin.examination.examination_jacoco.GameTest" name="testMethod4 on testMethod4(se.nackademin.examination.examination_jacoco.GameTest)" time="0.0"/>
  <testcase classname="se.nackademin.examination.examination_jacoco.GameTest" name="testMethod5 on testMethod5(se.nackademin.examination.examination_jacoco.GameTest)" time="0.0"/>
  <testcase classname="se.nackademin.examination.examination_jacoco.GameTest" name="testMethod6 on testMethod6(se.nackademin.examination.examination_jacoco.GameTest)" time="0.0"/>
  <testcase classname="se.nackademin.examination.examination_jacoco.GameTest" name="testMethod7 on testMethod7(se.nackademin.examination.examination_jacoco.GameTest)" time="0.0"/>
  <testcase classname="se.nackademin.examination.examination_jacoco.GameTest" name="testMethod8 on testMethod8(se.nackademin.examination.examination_jacoco.GameTest)" time="0.0"/>
  <testcase classname="se.nackademin.examination.examination_jacoco.GameTest" name="testMethod9 on testMethod9(se.nackademin.examination.examination_jacoco.GameTest)" time="0.0"/>
</testsuite> <!-- Surefire test -->
